{"/home/envur/my_projects/monorepos/brazil-geodata/src/cities.js": {"path":"/home/envur/my_projects/monorepos/brazil-geodata/src/cities.js","statementMap":{"0":{"start":{"line":1,"column":14},"end":{"line":1,"column":30}},"1":{"start":{"line":3,"column":0},"end":{"line":11,"column":2}},"2":{"start":{"line":4,"column":32},"end":{"line":6,"column":5}},"3":{"start":{"line":7,"column":4},"end":{"line":9,"column":7}},"4":{"start":{"line":8,"column":6},"end":{"line":8,"column":62}},"5":{"start":{"line":10,"column":4},"end":{"line":10,"column":33}},"6":{"start":{"line":13,"column":0},"end":{"line":21,"column":2}},"7":{"start":{"line":14,"column":35},"end":{"line":16,"column":3}},"8":{"start":{"line":17,"column":2},"end":{"line":19,"column":5}},"9":{"start":{"line":18,"column":4},"end":{"line":18,"column":60}},"10":{"start":{"line":20,"column":2},"end":{"line":20,"column":36}},"11":{"start":{"line":23,"column":0},"end":{"line":31,"column":2}},"12":{"start":{"line":24,"column":36},"end":{"line":26,"column":3}},"13":{"start":{"line":27,"column":2},"end":{"line":29,"column":5}},"14":{"start":{"line":28,"column":4},"end":{"line":28,"column":60}},"15":{"start":{"line":30,"column":2},"end":{"line":30,"column":37}},"16":{"start":{"line":33,"column":0},"end":{"line":41,"column":2}},"17":{"start":{"line":34,"column":15},"end":{"line":36,"column":3}},"18":{"start":{"line":37,"column":2},"end":{"line":39,"column":5}},"19":{"start":{"line":38,"column":4},"end":{"line":38,"column":60}},"20":{"start":{"line":40,"column":2},"end":{"line":40,"column":16}},"21":{"start":{"line":43,"column":0},"end":{"line":48,"column":2}},"22":{"start":{"line":44,"column":17},"end":{"line":46,"column":3}},"23":{"start":{"line":47,"column":2},"end":{"line":47,"column":23}},"24":{"start":{"line":50,"column":0},"end":{"line":58,"column":2}},"25":{"start":{"line":51,"column":40},"end":{"line":53,"column":3}},"26":{"start":{"line":54,"column":2},"end":{"line":56,"column":5}},"27":{"start":{"line":55,"column":4},"end":{"line":55,"column":60}},"28":{"start":{"line":57,"column":2},"end":{"line":57,"column":41}},"29":{"start":{"line":60,"column":0},"end":{"line":68,"column":2}},"30":{"start":{"line":61,"column":43},"end":{"line":63,"column":3}},"31":{"start":{"line":64,"column":2},"end":{"line":66,"column":5}},"32":{"start":{"line":65,"column":4},"end":{"line":65,"column":60}},"33":{"start":{"line":67,"column":2},"end":{"line":67,"column":44}},"34":{"start":{"line":70,"column":0},"end":{"line":78,"column":2}},"35":{"start":{"line":71,"column":36},"end":{"line":73,"column":3}},"36":{"start":{"line":74,"column":2},"end":{"line":76,"column":5}},"37":{"start":{"line":75,"column":4},"end":{"line":75,"column":60}},"38":{"start":{"line":77,"column":2},"end":{"line":77,"column":37}}},"fnMap":{"0":{"name":"(anonymous_0)","decl":{"start":{"line":3,"column":27},"end":{"line":3,"column":28}},"loc":{"start":{"line":3,"column":50},"end":{"line":11,"column":1}},"line":3},"1":{"name":"(anonymous_1)","decl":{"start":{"line":7,"column":59},"end":{"line":7,"column":60}},"loc":{"start":{"line":7,"column":69},"end":{"line":9,"column":5}},"line":7},"2":{"name":"(anonymous_2)","decl":{"start":{"line":13,"column":32},"end":{"line":13,"column":33}},"loc":{"start":{"line":13,"column":60},"end":{"line":21,"column":1}},"line":13},"3":{"name":"(anonymous_3)","decl":{"start":{"line":17,"column":67},"end":{"line":17,"column":68}},"loc":{"start":{"line":17,"column":77},"end":{"line":19,"column":3}},"line":17},"4":{"name":"(anonymous_4)","decl":{"start":{"line":23,"column":33},"end":{"line":23,"column":34}},"loc":{"start":{"line":23,"column":62},"end":{"line":31,"column":1}},"line":23},"5":{"name":"(anonymous_5)","decl":{"start":{"line":27,"column":69},"end":{"line":27,"column":70}},"loc":{"start":{"line":27,"column":79},"end":{"line":29,"column":3}},"line":27},"6":{"name":"(anonymous_6)","decl":{"start":{"line":33,"column":23},"end":{"line":33,"column":24}},"loc":{"start":{"line":33,"column":41},"end":{"line":41,"column":1}},"line":33},"7":{"name":"(anonymous_7)","decl":{"start":{"line":37,"column":27},"end":{"line":37,"column":28}},"loc":{"start":{"line":37,"column":37},"end":{"line":39,"column":3}},"line":37},"8":{"name":"(anonymous_8)","decl":{"start":{"line":43,"column":22},"end":{"line":43,"column":23}},"loc":{"start":{"line":43,"column":46},"end":{"line":48,"column":1}},"line":43},"9":{"name":"(anonymous_9)","decl":{"start":{"line":50,"column":37},"end":{"line":50,"column":38}},"loc":{"start":{"line":50,"column":70},"end":{"line":58,"column":1}},"line":50},"10":{"name":"(anonymous_10)","decl":{"start":{"line":54,"column":77},"end":{"line":54,"column":78}},"loc":{"start":{"line":54,"column":87},"end":{"line":56,"column":3}},"line":54},"11":{"name":"(anonymous_11)","decl":{"start":{"line":60,"column":40},"end":{"line":60,"column":41}},"loc":{"start":{"line":60,"column":76},"end":{"line":68,"column":1}},"line":60},"12":{"name":"(anonymous_12)","decl":{"start":{"line":64,"column":83},"end":{"line":64,"column":84}},"loc":{"start":{"line":64,"column":93},"end":{"line":66,"column":3}},"line":64},"13":{"name":"(anonymous_13)","decl":{"start":{"line":70,"column":33},"end":{"line":70,"column":34}},"loc":{"start":{"line":70,"column":62},"end":{"line":78,"column":1}},"line":70},"14":{"name":"(anonymous_14)","decl":{"start":{"line":74,"column":69},"end":{"line":74,"column":70}},"loc":{"start":{"line":74,"column":79},"end":{"line":76,"column":3}},"line":74}},"branchMap":{},"s":{"0":1,"1":1,"2":2,"3":2,"4":646,"5":2,"6":1,"7":2,"8":2,"9":22,"10":2,"11":1,"12":2,"13":2,"14":12,"15":2,"16":1,"17":1,"18":1,"19":5570,"20":1,"21":1,"22":1,"23":1,"24":1,"25":2,"26":2,"27":22,"28":2,"29":1,"30":2,"31":2,"32":40,"33":2,"34":1,"35":2,"36":2,"37":2859,"38":2},"f":{"0":2,"1":646,"2":2,"3":22,"4":2,"5":12,"6":1,"7":5570,"8":1,"9":2,"10":22,"11":2,"12":40,"13":2,"14":2859},"b":{},"_coverageSchema":"1a1c01bbd47fc00a2c39e90264f33305004495a9","hash":"05de32bdcbe084a72140a5c847082b02d44d7a05"}
}
