TN:
SF:src/cities.js
FN:3,(anonymous_0)
FN:7,(anonymous_1)
FN:13,(anonymous_2)
FN:17,(anonymous_3)
FN:23,(anonymous_4)
FN:27,(anonymous_5)
FN:33,(anonymous_6)
FN:37,(anonymous_7)
FN:43,(anonymous_8)
FN:50,(anonymous_9)
FN:54,(anonymous_10)
FN:60,(anonymous_11)
FN:64,(anonymous_12)
FN:70,(anonymous_13)
FN:74,(anonymous_14)
FNF:15
FNH:15
FNDA:2,(anonymous_0)
FNDA:646,(anonymous_1)
FNDA:2,(anonymous_2)
FNDA:22,(anonymous_3)
FNDA:2,(anonymous_4)
FNDA:12,(anonymous_5)
FNDA:1,(anonymous_6)
FNDA:5570,(anonymous_7)
FNDA:1,(anonymous_8)
FNDA:2,(anonymous_9)
FNDA:22,(anonymous_10)
FNDA:2,(anonymous_11)
FNDA:40,(anonymous_12)
FNDA:2,(anonymous_13)
FNDA:2859,(anonymous_14)
DA:1,1
DA:3,1
DA:4,2
DA:7,2
DA:8,646
DA:10,2
DA:13,1
DA:14,2
DA:17,2
DA:18,22
DA:20,2
DA:23,1
DA:24,2
DA:27,2
DA:28,12
DA:30,2
DA:33,1
DA:34,1
DA:37,1
DA:38,5570
DA:40,1
DA:43,1
DA:44,1
DA:47,1
DA:50,1
DA:51,2
DA:54,2
DA:55,22
DA:57,2
DA:60,1
DA:61,2
DA:64,2
DA:65,40
DA:67,2
DA:70,1
DA:71,2
DA:74,2
DA:75,2859
DA:77,2
LF:39
LH:39
BRF:0
BRH:0
end_of_record
